<?xml version="1.0" encoding="UTF-8"?>
<!-- Generated by org.testng.reporters.JUnitXMLReporter -->
<testsuite hostname="SHARMAPC-PC" name=" validating title Test" tests="4" failures="0" timestamp="28 Oct 2020 11:16:43 GMT" time="0.014" errors="0">
  <testcase name="doUser" time="0.001" classname="com.data.testng.TestDependsonmethods"/>
  <testcase name="doLogin" time="0.0" classname="com.data.testng.TestDependsonmethods"/>
  <testcase name="test3" time="0.001" classname="com.data.testng.TestDependsonmethods"/>
  <testcase name="test4" time="0.003" classname="com.data.testng.TestDependsonmethods"/>
</testsuite> <!--  validating title Test -->
