<?xml version="1.0" encoding="UTF-8"?>
<!-- Generated by org.testng.reporters.JUnitXMLReporter -->
<testsuite hostname="SHARMAPC-PC" name=" regression failure Test" tests="1" failures="1" timestamp="28 Oct 2020 13:03:26 GMT" time="0.008" errors="0">
  <testcase name="doLogin" time="0.003" classname="com.data.regression.TestFailure">
    <failure type="java.lang.AssertionError" message="in fail test">
      <![CDATA[java.lang.AssertionError: in fail test
	at com.data.regression.TestFailure.doLogin(TestFailure.java:11)
... Removed 25 stack frames]]>
    </failure>
  </testcase> <!-- doLogin -->
</testsuite> <!--  regression failure Test -->
