<?xml version="1.0" encoding="UTF-8"?>
<!-- Generated by org.testng.reporters.JUnitXMLReporter -->
<testsuite hostname="SHARMAPC-PC" name="regression validation Test" tests="3" failures="0" timestamp="28 Oct 2020 13:03:26 GMT" time="0.033" errors="0">
  <testcase name="test2" time="0.0" classname="com.data.regression.Test5"/>
  <testcase name="test" time="0.001" classname="com.data.regression.Test5"/>
  <testcase name="test1" time="0.018" classname="com.data.regression.Test5"/>
</testsuite> <!-- regression validation Test -->
